{"C:\\Users\\User\\Desktop\\Project\\src\\router.ts": {"path":"C:\\Users\\User\\Desktop\\Project\\src\\router.ts","statementMap":{"0":{"start":{"line":1,"column":0},"end":{"line":1,"column":30}},"1":{"start":{"line":2,"column":0},"end":{"line":2,"column":null}},"2":{"start":{"line":10,"column":0},"end":{"line":10,"column":45}},"3":{"start":{"line":11,"column":0},"end":{"line":11,"column":46}},"4":{"start":{"line":13,"column":15},"end":{"line":13,"column":23}},"5":{"start":{"line":15,"column":0},"end":{"line":15,"column":null}},"6":{"start":{"line":17,"column":0},"end":{"line":22,"column":null}},"7":{"start":{"line":24,"column":0},"end":{"line":39,"column":null}},"8":{"start":{"line":35,"column":23},"end":{"line":35,"column":32}},"9":{"start":{"line":41,"column":0},"end":{"line":60,"column":null}},"10":{"start":{"line":53,"column":23},"end":{"line":53,"column":32}},"11":{"start":{"line":62,"column":0},"end":{"line":67,"column":null}},"12":{"start":{"line":69,"column":0},"end":{"line":74,"column":null}},"13":{"start":{"line":76,"column":0},"end":{"line":76,"column":null}}},"fnMap":{"0":{"name":"(anonymous_0)","decl":{"start":{"line":35,"column":12},"end":{"line":35,"column":13}},"loc":{"start":{"line":35,"column":23},"end":{"line":35,"column":32}}},"1":{"name":"(anonymous_1)","decl":{"start":{"line":53,"column":12},"end":{"line":53,"column":13}},"loc":{"start":{"line":53,"column":23},"end":{"line":53,"column":32}}}},"branchMap":{},"s":{"0":1,"1":1,"2":1,"3":1,"4":1,"5":1,"6":1,"7":1,"8":4,"9":1,"10":5,"11":1,"12":1,"13":1},"f":{"0":4,"1":5},"b":{}}
,"C:\\Users\\User\\Desktop\\Project\\src\\server.ts": {"path":"C:\\Users\\User\\Desktop\\Project\\src\\server.ts","statementMap":{"0":{"start":{"line":6,"column":0},"end":{"line":6,"column":7}},"1":{"start":{"line":1,"column":0},"end":{"line":1,"column":29}},"2":{"start":{"line":2,"column":0},"end":{"line":2,"column":28}},"3":{"start":{"line":3,"column":0},"end":{"line":3,"column":29}},"4":{"start":{"line":4,"column":0},"end":{"line":4,"column":27}},"5":{"start":{"line":7,"column":2},"end":{"line":16,"column":3}},"6":{"start":{"line":8,"column":4},"end":{"line":8,"column":null}},"7":{"start":{"line":9,"column":4},"end":{"line":9,"column":null}},"8":{"start":{"line":10,"column":4},"end":{"line":12,"column":null}},"9":{"start":{"line":14,"column":4},"end":{"line":14,"column":null}},"10":{"start":{"line":15,"column":4},"end":{"line":15,"column":null}},"11":{"start":{"line":19,"column":0},"end":{"line":19,"column":null}},"12":{"start":{"line":20,"column":15},"end":{"line":20,"column":24}},"13":{"start":{"line":22,"column":0},"end":{"line":22,"column":null}},"14":{"start":{"line":24,"column":0},"end":{"line":24,"column":null}},"15":{"start":{"line":26,"column":0},"end":{"line":26,"column":null}}},"fnMap":{"0":{"name":"connectDB","decl":{"start":{"line":6,"column":22},"end":{"line":6,"column":31}},"loc":{"start":{"line":6,"column":31},"end":{"line":17,"column":1}}}},"branchMap":{},"s":{"0":1,"1":1,"2":1,"3":1,"4":1,"5":1,"6":1,"7":1,"8":1,"9":0,"10":0,"11":1,"12":1,"13":1,"14":1,"15":1},"f":{"0":1},"b":{}}
,"C:\\Users\\User\\Desktop\\Project\\src\\config\\db.ts": {"path":"C:\\Users\\User\\Desktop\\Project\\src\\config\\db.ts","statementMap":{"0":{"start":{"line":1,"column":0},"end":{"line":1,"column":46}},"1":{"start":{"line":2,"column":0},"end":{"line":2,"column":27}},"2":{"start":{"line":4,"column":0},"end":{"line":4,"column":null}},"3":{"start":{"line":6,"column":11},"end":{"line":8,"column":2}},"4":{"start":{"line":10,"column":0},"end":{"line":10,"column":null}}},"fnMap":{},"branchMap":{},"s":{"0":1,"1":1,"2":1,"3":1,"4":1},"f":{},"b":{}}
,"C:\\Users\\User\\Desktop\\Project\\src\\handlers\\Product.ts": {"path":"C:\\Users\\User\\Desktop\\Project\\src\\handlers\\Product.ts","statementMap":{"0":{"start":{"line":2,"column":0},"end":{"line":2,"column":47}},"1":{"start":{"line":4,"column":29},"end":{"line":10,"column":1}},"2":{"start":{"line":5,"column":19},"end":{"line":5,"column":50}},"3":{"start":{"line":7,"column":2},"end":{"line":7,"column":29}},"4":{"start":{"line":4,"column":13},"end":{"line":4,"column":29}},"5":{"start":{"line":12,"column":27},"end":{"line":20,"column":1}},"6":{"start":{"line":13,"column":19},"end":{"line":18,"column":4}},"7":{"start":{"line":19,"column":2},"end":{"line":19,"column":null}},"8":{"start":{"line":12,"column":13},"end":{"line":12,"column":27}},"9":{"start":{"line":22,"column":30},"end":{"line":32,"column":1}},"10":{"start":{"line":23,"column":15},"end":{"line":23,"column":25}},"11":{"start":{"line":24,"column":19},"end":{"line":24,"column":46}},"12":{"start":{"line":26,"column":2},"end":{"line":30,"column":3}},"13":{"start":{"line":27,"column":4},"end":{"line":29,"column":null}},"14":{"start":{"line":31,"column":2},"end":{"line":31,"column":null}},"15":{"start":{"line":22,"column":13},"end":{"line":22,"column":30}},"16":{"start":{"line":34,"column":29},"end":{"line":50,"column":1}},"17":{"start":{"line":36,"column":15},"end":{"line":36,"column":25}},"18":{"start":{"line":37,"column":19},"end":{"line":37,"column":46}},"19":{"start":{"line":39,"column":2},"end":{"line":43,"column":3}},"20":{"start":{"line":40,"column":4},"end":{"line":42,"column":null}},"21":{"start":{"line":46,"column":2},"end":{"line":46,"column":34}},"22":{"start":{"line":47,"column":2},"end":{"line":47,"column":24}},"23":{"start":{"line":49,"column":2},"end":{"line":49,"column":null}},"24":{"start":{"line":34,"column":13},"end":{"line":34,"column":29}},"25":{"start":{"line":52,"column":31},"end":{"line":68,"column":1}},"26":{"start":{"line":54,"column":15},"end":{"line":54,"column":25}},"27":{"start":{"line":55,"column":19},"end":{"line":55,"column":46}},"28":{"start":{"line":57,"column":2},"end":{"line":61,"column":3}},"29":{"start":{"line":58,"column":4},"end":{"line":60,"column":null}},"30":{"start":{"line":64,"column":2},"end":{"line":64,"column":null}},"31":{"start":{"line":65,"column":2},"end":{"line":65,"column":24}},"32":{"start":{"line":67,"column":2},"end":{"line":67,"column":null}},"33":{"start":{"line":52,"column":13},"end":{"line":52,"column":31}},"34":{"start":{"line":70,"column":29},"end":{"line":82,"column":1}},"35":{"start":{"line":71,"column":15},"end":{"line":71,"column":25}},"36":{"start":{"line":72,"column":19},"end":{"line":72,"column":46}},"37":{"start":{"line":74,"column":2},"end":{"line":78,"column":3}},"38":{"start":{"line":75,"column":4},"end":{"line":77,"column":null}},"39":{"start":{"line":80,"column":2},"end":{"line":80,"column":null}},"40":{"start":{"line":81,"column":2},"end":{"line":81,"column":null}},"41":{"start":{"line":70,"column":13},"end":{"line":70,"column":29}}},"fnMap":{"0":{"name":"(anonymous_1)","decl":{"start":{"line":4,"column":29},"end":{"line":4,"column":34}},"loc":{"start":{"line":4,"column":67},"end":{"line":10,"column":1}}},"1":{"name":"(anonymous_2)","decl":{"start":{"line":12,"column":27},"end":{"line":12,"column":32}},"loc":{"start":{"line":12,"column":65},"end":{"line":20,"column":1}}},"2":{"name":"(anonymous_3)","decl":{"start":{"line":22,"column":30},"end":{"line":22,"column":35}},"loc":{"start":{"line":22,"column":68},"end":{"line":32,"column":1}}},"3":{"name":"(anonymous_4)","decl":{"start":{"line":34,"column":29},"end":{"line":34,"column":34}},"loc":{"start":{"line":34,"column":67},"end":{"line":50,"column":1}}},"4":{"name":"(anonymous_5)","decl":{"start":{"line":52,"column":31},"end":{"line":52,"column":36}},"loc":{"start":{"line":52,"column":69},"end":{"line":68,"column":1}}},"5":{"name":"(anonymous_6)","decl":{"start":{"line":70,"column":29},"end":{"line":70,"column":34}},"loc":{"start":{"line":70,"column":67},"end":{"line":82,"column":1}}}},"branchMap":{"0":{"loc":{"start":{"line":26,"column":2},"end":{"line":30,"column":3}},"type":"if","locations":[{"start":{"line":26,"column":2},"end":{"line":30,"column":3}}]},"1":{"loc":{"start":{"line":39,"column":2},"end":{"line":43,"column":3}},"type":"if","locations":[{"start":{"line":39,"column":2},"end":{"line":43,"column":3}}]},"2":{"loc":{"start":{"line":57,"column":2},"end":{"line":61,"column":3}},"type":"if","locations":[{"start":{"line":57,"column":2},"end":{"line":61,"column":3}}]},"3":{"loc":{"start":{"line":74,"column":2},"end":{"line":78,"column":3}},"type":"if","locations":[{"start":{"line":74,"column":2},"end":{"line":78,"column":3}}]}},"s":{"0":1,"1":1,"2":1,"3":1,"4":1,"5":1,"6":2,"7":2,"8":1,"9":1,"10":2,"11":2,"12":2,"13":1,"14":1,"15":1,"16":1,"17":2,"18":2,"19":2,"20":1,"21":1,"22":1,"23":1,"24":1,"25":1,"26":1,"27":1,"28":1,"29":1,"30":0,"31":0,"32":0,"33":1,"34":1,"35":2,"36":2,"37":2,"38":2,"39":0,"40":0,"41":1},"f":{"0":1,"1":2,"2":2,"3":2,"4":1,"5":2},"b":{"0":[1],"1":[1],"2":[1],"3":[2]}}
,"C:\\Users\\User\\Desktop\\Project\\src\\middleware\\index.ts": {"path":"C:\\Users\\User\\Desktop\\Project\\src\\middleware\\index.ts","statementMap":{"0":{"start":{"line":2,"column":0},"end":{"line":2,"column":50}},"1":{"start":{"line":4,"column":33},"end":{"line":15,"column":1}},"2":{"start":{"line":9,"column":15},"end":{"line":9,"column":36}},"3":{"start":{"line":10,"column":2},"end":{"line":12,"column":3}},"4":{"start":{"line":11,"column":4},"end":{"line":11,"column":null}},"5":{"start":{"line":14,"column":2},"end":{"line":14,"column":null}},"6":{"start":{"line":4,"column":13},"end":{"line":4,"column":33}}},"fnMap":{"0":{"name":"(anonymous_0)","decl":{"start":{"line":4,"column":33},"end":{"line":4,"column":null}},"loc":{"start":{"line":8,"column":4},"end":{"line":15,"column":1}}}},"branchMap":{"0":{"loc":{"start":{"line":10,"column":2},"end":{"line":12,"column":3}},"type":"if","locations":[{"start":{"line":10,"column":2},"end":{"line":12,"column":3}}]}},"s":{"0":1,"1":1,"2":16,"3":16,"4":8,"5":8,"6":1},"f":{"0":16},"b":{"0":[8]}}
,"C:\\Users\\User\\Desktop\\Project\\src\\models\\Producto.model.ts": {"path":"C:\\Users\\User\\Desktop\\Project\\src\\models\\Producto.model.ts","statementMap":{"0":{"start":{"line":1,"column":0},"end":{"line":1,"column":76}},"1":{"start":{"line":6,"column":0},"end":{"line":22,"column":null}},"2":{"start":{"line":10,"column":10},"end":{"line":10,"column":25}},"3":{"start":{"line":15,"column":10},"end":{"line":15,"column":null}},"4":{"start":{"line":21,"column":10},"end":{"line":21,"column":null}},"5":{"start":{"line":6,"column":6},"end":{"line":22,"column":null}},"6":{"start":{"line":24,"column":0},"end":{"line":24,"column":null}}},"fnMap":{},"branchMap":{},"s":{"0":1,"1":1,"2":1,"3":1,"4":1,"5":1,"6":1},"f":{},"b":{}}
}
