TN:
SF:src\router.ts
FN:35,(anonymous_0)
FN:53,(anonymous_1)
FNF:2
FNH:2
FNDA:4,(anonymous_0)
FNDA:5,(anonymous_1)
DA:1,1
DA:2,1
DA:10,1
DA:11,1
DA:13,1
DA:15,1
DA:17,1
DA:24,1
DA:35,4
DA:41,1
DA:53,5
DA:62,1
DA:69,1
DA:76,1
LF:14
LH:14
BRF:0
BRH:0
end_of_record
TN:
SF:src\server.ts
FN:6,connectDB
FNF:1
FNH:1
FNDA:1,connectDB
DA:1,1
DA:2,1
DA:3,1
DA:4,1
DA:6,1
DA:7,1
DA:8,1
DA:9,1
DA:10,1
DA:14,0
DA:15,0
DA:19,1
DA:20,1
DA:22,1
DA:24,1
DA:26,1
LF:16
LH:14
BRF:0
BRH:0
end_of_record
TN:
SF:src\config\db.ts
FNF:0
FNH:0
DA:1,1
DA:2,1
DA:4,1
DA:6,1
DA:10,1
LF:5
LH:5
BRF:0
BRH:0
end_of_record
TN:
SF:src\handlers\Product.ts
FN:4,(anonymous_1)
FN:12,(anonymous_2)
FN:22,(anonymous_3)
FN:34,(anonymous_4)
FN:52,(anonymous_5)
FN:70,(anonymous_6)
FNF:6
FNH:6
FNDA:1,(anonymous_1)
FNDA:2,(anonymous_2)
FNDA:2,(anonymous_3)
FNDA:2,(anonymous_4)
FNDA:1,(anonymous_5)
FNDA:2,(anonymous_6)
DA:2,1
DA:4,1
DA:5,1
DA:7,1
DA:12,1
DA:13,2
DA:19,2
DA:22,1
DA:23,2
DA:24,2
DA:26,2
DA:27,1
DA:31,1
DA:34,1
DA:36,2
DA:37,2
DA:39,2
DA:40,1
DA:46,1
DA:47,1
DA:49,1
DA:52,1
DA:54,1
DA:55,1
DA:57,1
DA:58,1
DA:64,0
DA:65,0
DA:67,0
DA:70,1
DA:71,2
DA:72,2
DA:74,2
DA:75,2
DA:80,0
DA:81,0
LF:36
LH:31
BRDA:26,0,0,1
BRDA:39,1,0,1
BRDA:57,2,0,1
BRDA:74,3,0,2
BRF:4
BRH:4
end_of_record
TN:
SF:src\middleware\index.ts
FN:4,(anonymous_0)
FNF:1
FNH:1
FNDA:16,(anonymous_0)
DA:2,1
DA:4,1
DA:9,16
DA:10,16
DA:11,8
DA:14,8
LF:6
LH:6
BRDA:10,0,0,8
BRF:1
BRH:1
end_of_record
TN:
SF:src\models\Producto.model.ts
FNF:0
FNH:0
DA:1,1
DA:6,1
DA:10,1
DA:15,1
DA:21,1
DA:24,1
LF:6
LH:6
BRF:0
BRH:0
end_of_record
